<?xml version="1.0" encoding="UTF-8"?>
<!-- Generated by org.testng.reporters.JUnitReportReporter -->
<testsuite hostname="BLLCLAPUS1698" failures="0" tests="5" name="TC_VideoGameAPI" time="4.307" errors="0" timestamp="2022-02-23T20:49:49 PST" skipped="0">
  <testcase classname="TC_VideoGameAPI" name="test_GetAllVideoGames" time="2.628"/>
  <system-out/>
  <testcase classname="TC_VideoGameAPI" name="test_AddNewVideoGame" time="0.771"/>
  <system-out/>
  <testcase classname="TC_VideoGameAPI" name="test_getVideoGame" time="0.809"/>
  <system-out/>
  <testcase classname="TC_VideoGameAPI" name="test_updateVideoGame" time="0.062"/>
  <system-out/>
  <testcase classname="TC_VideoGameAPI" name="test_deleteVideoGame" time="0.037"/>
  <system-out/>
</testsuite> <!-- TC_VideoGameAPI -->
